----------------------------
04.05.2021 13:20:49
System.InvalidOperationException: Последовательность не содержит элементов
   в System.Linq.Enumerable.First[TSource](IEnumerable`1 source)
   в PolyclinicSystem.DataHandler.GetUser(String login) в D:\git\PolyclinicSystem\PolyclinicSystem\SystemClasses\DataHandler.cs:строка 286
----------------------------
04.05.2021 16:37:58
System.InvalidOperationException: Последовательность не содержит элементов
   в System.Linq.Enumerable.First[TSource](IEnumerable`1 source)
   в PolyclinicSystem.DataHandler.GetPatient(String login) в D:\git\PolyclinicSystem\PolyclinicSystem\SystemClasses\DataHandler.cs:строка 320
----------------------------
04.05.2021 16:38:20
System.InvalidOperationException: Последовательность не содержит элементов
   в System.Linq.Enumerable.First[TSource](IEnumerable`1 source)
   в PolyclinicSystem.DataHandler.GetPatient(String login) в D:\git\PolyclinicSystem\PolyclinicSystem\SystemClasses\DataHandler.cs:строка 320
----------------------------
04.05.2021 16:38:23
System.InvalidOperationException: Последовательность не содержит элементов
   в System.Linq.Enumerable.First[TSource](IEnumerable`1 source)
   в PolyclinicSystem.DataHandler.GetPatient(String login) в D:\git\PolyclinicSystem\PolyclinicSystem\SystemClasses\DataHandler.cs:строка 320
